
**** Build of configuration Debug for project ECEN260Lab8a ****

"c:\\ti\\ccsv6\\utils\\bin\\gmake" -k all 
'Building file: ../main.c'
'Invoking: MSP430 Compiler'
"c:/ti/ccsv6/tools/compiler/msp430_4.3.3/bin/cl430" -vmsp --abi=coffabi --include_path="c:/ti/ccsv6/ccs_base/msp430/include" --include_path="c:/ti/ccsv6/tools/compiler/msp430_4.3.3/include" --advice:power=all -g --define=__MSP430G2553__ --diag_warning=225 --display_error_number --diag_wrap=off --printf_support=minimal --preproc_with_compile --preproc_dependency="main.pp"  "../main.c"
"../main.c", line 189: remark #1527-D: (ULP 2.1) Detected SW delay loop using empty loop. Recommend using a timer module instead
"../main.c", line 195: warning #176-D: expression has no effect
"../main.c", line 199: warning #176-D: expression has no effect
"../main.c", line 197: remark #2553-D: (ULP 14.1) Array index (involving "i") of type "int". Recommend using "unsigned int"
"../main.c", line 197: remark #2553-D: (ULP 14.1) Array index (involving "i") of type "int". Recommend using "unsigned int"
"../main.c", line 215: warning #69-D: integer conversion resulted in a change of sign
"../main.c", line 215: remark #1533-D: (ULP 6.1) Detected use of multiplication on a device that has no hardware multiplier
"../main.c", line 267: remark #1540-D: (ULP 11.2) Assignment of higher bits (constants) to "P1OUT" within a loop. Recommend using lower 4 bits to allow use of constant generators
"../main.c", line 272: remark #1540-D: (ULP 11.2) Assignment of higher bits (constants) to "P1OUT" within a loop. Recommend using lower 4 bits to allow use of constant generators
"../main.c", line 290: remark #1540-D: (ULP 11.2) Assignment of higher bits (constants) to "P1OUT" within a loop. Recommend using lower 4 bits to allow use of constant generators
"../main.c", line 295: remark #1540-D: (ULP 11.2) Assignment of higher bits (constants) to "P1OUT" within a loop. Recommend using lower 4 bits to allow use of constant generators
"../main.c", line 326: warning #62-D: integer operation result is out of range
"../main.c", line 326: warning #69-D: integer conversion resulted in a change of sign
"../main.c", line 357: remark #1538-D: (ULP 10.1) ISR Port_1 calls function clearScreen. Recommend moving function call away from ISR, or inlining the function, or using pragmas
"../main.c", line 360: remark #1538-D: (ULP 10.1) ISR Port_1 calls function rectangle. Recommend moving function call away from ISR, or inlining the function, or using pragmas
"../main.c", line 362: remark #1538-D: (ULP 10.1) ISR Port_1 calls function circle. Recommend moving function call away from ISR, or inlining the function, or using pragmas
"../main.c", line 365: remark #1538-D: (ULP 10.1) ISR Port_1 calls function drawLetter. Recommend moving function call away from ISR, or inlining the function, or using pragmas
"../main.c", line 366: remark #1538-D: (ULP 10.1) ISR Port_1 calls function drawLetter. Recommend moving function call away from ISR, or inlining the function, or using pragmas
"../main.c", line 367: remark #1538-D: (ULP 10.1) ISR Port_1 calls function drawLetter. Recommend moving function call away from ISR, or inlining the function, or using pragmas
"../main.c", line 368: remark #1538-D: (ULP 10.1) ISR Port_1 calls function drawLetter. Recommend moving function call away from ISR, or inlining the function, or using pragmas
"../main.c", line 369: remark #1538-D: (ULP 10.1) ISR Port_1 calls function drawLetter. Recommend moving function call away from ISR, or inlining the function, or using pragmas
"../main.c", line 370: remark #1538-D: (ULP 10.1) ISR Port_1 calls function drawLetter. Recommend moving function call away from ISR, or inlining the function, or using pragmas
"../main.c", line 371: remark #1538-D: (ULP 10.1) ISR Port_1 calls function drawLetter. Recommend moving function call away from ISR, or inlining the function, or using pragmas
"../main.c", line 372: remark #1538-D: (ULP 10.1) ISR Port_1 calls function drawLetter. Recommend moving function call away from ISR, or inlining the function, or using pragmas
"../main.c", line 373: remark #1538-D: (ULP 10.1) ISR Port_1 calls function drawLetter. Recommend moving function call away from ISR, or inlining the function, or using pragmas
"../main.c", line 374: remark #1538-D: (ULP 10.1) ISR Port_1 calls function drawLetter. Recommend moving function call away from ISR, or inlining the function, or using pragmas
"../main.c", line 375: remark #1538-D: (ULP 10.1) ISR Port_1 calls function drawLetter. Recommend moving function call away from ISR, or inlining the function, or using pragmas
"../main.c", line 376: remark #1538-D: (ULP 10.1) ISR Port_1 calls function drawLetter. Recommend moving function call away from ISR, or inlining the function, or using pragmas
"../main.c", line 377: remark #1538-D: (ULP 10.1) ISR Port_1 calls function drawLetter. Recommend moving function call away from ISR, or inlining the function, or using pragmas
"../main.c", line 378: remark #1538-D: (ULP 10.1) ISR Port_1 calls function drawLetter. Recommend moving function call away from ISR, or inlining the function, or using pragmas
"../main.c", line 34: remark #1535-D: (ULP 8.1) variable "H" is used as a constant. Recommend declaring variable as either 'static const' or 'const'
"../main.c", line 36: remark #1535-D: (ULP 8.1) variable "E" is used as a constant. Recommend declaring variable as either 'static const' or 'const'
"../main.c", line 38: remark #1535-D: (ULP 8.1) variable "L" is used as a constant. Recommend declaring variable as either 'static const' or 'const'
"../main.c", line 40: remark #1535-D: (ULP 8.1) variable "O" is used as a constant. Recommend declaring variable as either 'static const' or 'const'
"../main.c", line 42: remark #1535-D: (ULP 8.1) variable "B" is used as a constant. Recommend declaring variable as either 'static const' or 'const'
"../main.c", line 44: remark #1535-D: (ULP 8.1) variable "R" is used as a constant. Recommend declaring variable as either 'static const' or 'const'
"../main.c", line 46: remark #1535-D: (ULP 8.1) variable "K" is used as a constant. Recommend declaring variable as either 'static const' or 'const'
"../main.c", line 48: remark #1535-D: (ULP 8.1) variable "A" is used as a constant. Recommend declaring variable as either 'static const' or 'const'
"../main.c", line 51: remark #1535-D: (ULP 8.1) variable "space" is used as a constant. Recommend declaring variable as either 'static const' or 'const'
'Finished building: ../main.c'
' '
'Building target: ECEN260Lab8a.out'
'Invoking: MSP430 Linker'
"c:/ti/ccsv6/tools/compiler/msp430_4.3.3/bin/cl430" -vmsp --abi=coffabi --advice:power=all -g --define=__MSP430G2553__ --diag_warning=225 --display_error_number --diag_wrap=off --printf_support=minimal -z -m"ECEN260Lab8a.map" --heap_size=80 --stack_size=80 -i"c:/ti/ccsv6/ccs_base/msp430/include" -i"c:/ti/ccsv6/tools/compiler/msp430_4.3.3/lib" -i"c:/ti/ccsv6/tools/compiler/msp430_4.3.3/include" --reread_libs --warn_sections --display_error_number --diag_wrap=off --xml_link_info="ECEN260Lab8a_linkInfo.xml" --rom_model -o "ECEN260Lab8a.out"  "./main.obj" "../lnk_msp430g2553.cmd" -l"libc.a" 
<Linking>
remark #10422-D: (ULP 6.2) Detected use of a device with available 32-bit hardware multiplier and not also using MSPMATHLIB library (libmath.a).  Recommend using MSPMATHLIB library (libmath.a) for improved performance.
remark #10372-D: (ULP 4.1) Detected uninitialized Port 3 in this project. Recommend initializing all unused ports to eliminate wasted current consumption on unused pins.
'Finished building target: ECEN260Lab8a.out'
' '

**** Build Finished ****
